execve("/sbin/mount", 0x08047D14, 0x08047D2C)  argc = 5
sysinfo(SI_MACHINE, "i86pc", 257)		= 6
mmap(0x00000000, 32, PROT_READ|PROT_WRITE|PROT_EXEC, MAP_PRIVATE|MAP_ANON, -1, 0) = 0xFEFB0000
mmap(0x00000000, 4096, PROT_READ|PROT_WRITE, MAP_PRIVATE|MAP_ANON, -1, 0) = 0xFEFA0000
mmap(0x00000000, 4096, PROT_READ|PROT_WRITE, MAP_PRIVATE|MAP_ANON, -1, 0) = 0xFEF90000
mmap(0x00000000, 4096, PROT_READ|PROT_WRITE|PROT_EXEC, MAP_PRIVATE|MAP_ANON, -1, 0) = 0xFEF80000
memcntl(0xFEFB5000, 49652, MC_ADVISE, MADV_WILLNEED, 0, 0) = 0
memcntl(0x08050000, 8804, MC_ADVISE, MADV_WILLNEED, 0, 0) = 0
resolvepath("/lib/ld.so.1", "/lib/ld.so.1", 1023) = 12
resolvepath("/sbin/mount", "/sbin/mount", 1023)	= 11
sysconfig(_CONFIG_PAGESIZE)			= 4096
stat64("/sbin/mount", 0x080479A8)		= 0
open("/var/ld/ld.config", O_RDONLY)		= 3
fstat64(3, 0x08047528)				= 0
mmap(0x00000000, 140, PROT_READ, MAP_SHARED, 3, 0) = 0xFEF70000
close(3)					= 0
stat64("/lib/libc.so.1", 0x080471C8)		= 0
resolvepath("/lib/libc.so.1", "/lib/libc.so.1", 1023) = 14
open("/lib/libc.so.1", O_RDONLY)		= 3
mmapobj(3, MMOBJ_INTERPRET, 0xFEF80B58, 0x08047234, 0x00000000) = 0
close(3)					= 0
mmap(0x00000000, 4096, PROT_READ|PROT_WRITE|PROT_EXEC, MAP_PRIVATE|MAP_ANON, -1, 0) = 0xFEE00000
memcntl(0xFEE10000, 256172, MC_ADVISE, MADV_WILLNEED, 0, 0) = 0
mmap(0x00010000, 24576, PROT_READ|PROT_WRITE|PROT_EXEC, MAP_PRIVATE|MAP_ANON|MAP_ALIGN, -1, 0) = 0xFEDF0000
getcontext(0x080477E8)
getrlimit(RLIMIT_STACK, 0x080477E0)		= 0
getpid()					= 92678 [92677]
lwp_private(0, 1, 0xFEDF2A40)			= 0x000001C3
setustack(0xFEDF2AA0)
lwp_cond_broadcast(0xFEE000FC)			= 0
lwp_cond_broadcast(0xFEF8062C)			= 0
sysi86(SI86FPSTART, 0xFEF67EEC, 0x0000133F, 0x00001F80) = 0x00000001
brk(0x08067280)					= 0
brk(0x08069280)					= 0
open("/etc/vfstab", O_RDONLY)			= 3
llseek(3, 0, SEEK_CUR)				= 0
fstat64(3, 0x08047940)				= 0
fstat64(3, 0x08047840)				= 0
ioctl(3, TCGETA, 0x080478FE)			Err#25 ENOTTY
read(3, " # d e v i c e          ".., 1024)	= 546
sysconfig(_CONFIG_PAGESIZE)			= 4096
read(3, 0x0806809C, 1024)			= 0
llseek(3, 0, SEEK_SET)				= 0
stat64("/dev/lofi/2", 0x08047AE0)		= 0
read(3, " # d e v i c e          ".., 1024)	= 546
stat64("/devices", 0x08047AE0)			Err#2 ENOENT
stat64("/proc", 0x08047AE0)			= 0
stat64("ctfs", 0x08047AE0)			Err#2 ENOENT
stat64("objfs", 0x08047AE0)			Err#2 ENOENT
stat64("sharefs", 0x08047AE0)			Err#2 ENOENT
stat64("fd", 0x08047AE0)			Err#2 ENOENT
stat64("swap", 0x08047AE0)			Err#2 ENOENT
read(3, 0x0806809C, 1024)			= 0
llseek(3, 0, SEEK_CUR)				= 546
close(3)					= 0
resolvepath("master/", "master", 1024)		= 6
getcwd("/root/sdc", 1024)			= 0
stat64("/root/sdc/master", 0x08047AF0)		= 0
access("/usr/lib/fs/pcfs/mount", F_OK)		= 0
execve("/usr/lib/fs/pcfs/mount", 0x08047C84, 0x08047D2C)  argc = 3
sysinfo(SI_MACHINE, "i86pc", 257)		= 6
mmap(0x00000000, 32, PROT_READ|PROT_WRITE|PROT_EXEC, MAP_PRIVATE|MAP_ANON, -1, 0) = 0xFEFB0000
mmap(0x00000000, 4096, PROT_READ|PROT_WRITE, MAP_PRIVATE|MAP_ANON, -1, 0) = 0xFEFA0000
mmap(0x00000000, 4096, PROT_READ|PROT_WRITE, MAP_PRIVATE|MAP_ANON, -1, 0) = 0xFEF90000
mmap(0x00000000, 4096, PROT_READ|PROT_WRITE|PROT_EXEC, MAP_PRIVATE|MAP_ANON, -1, 0) = 0xFEF80000
memcntl(0xFEFB5000, 49652, MC_ADVISE, MADV_WILLNEED, 0, 0) = 0
memcntl(0x08050000, 5500, MC_ADVISE, MADV_WILLNEED, 0, 0) = 0
resolvepath("/usr/lib/ld.so.1", "/lib/ld.so.1", 1023) = 12
resolvepath("/usr/lib/fs/pcfs/mount", "/usr/lib/fs/pcfs/mount", 1023) = 22
sysconfig(_CONFIG_PAGESIZE)			= 4096
stat64("/usr/lib/fs/pcfs/mount", 0x080479A4)	= 0
open("/var/ld/ld.config", O_RDONLY)		= 3
fstat64(3, 0x08047524)				= 0
mmap(0x00000000, 140, PROT_READ, MAP_SHARED, 3, 0) = 0xFEF70000
close(3)					= 0
stat64("/lib/libc.so.1", 0x080471C4)		= 0
resolvepath("/lib/libc.so.1", "/lib/libc.so.1", 1023) = 14
open("/lib/libc.so.1", O_RDONLY)		= 3
mmapobj(3, MMOBJ_INTERPRET, 0xFEF80B58, 0x08047230, 0x00000000) = 0
close(3)					= 0
mmap(0x00000000, 4096, PROT_READ|PROT_WRITE|PROT_EXEC, MAP_PRIVATE|MAP_ANON, -1, 0) = 0xFEE00000
memcntl(0xFEE10000, 256172, MC_ADVISE, MADV_WILLNEED, 0, 0) = 0
mmap(0x00010000, 24576, PROT_READ|PROT_WRITE|PROT_EXEC, MAP_PRIVATE|MAP_ANON|MAP_ALIGN, -1, 0) = 0xFEDF0000
getcontext(0x080477E4)
getrlimit(RLIMIT_STACK, 0x080477DC)		= 0
getpid()					= 92678 [92677]
lwp_private(0, 1, 0xFEDF2A40)			= 0x000001C3
setustack(0xFEDF2AA0)
lwp_cond_broadcast(0xFEE000FC)			= 0
lwp_cond_broadcast(0xFEF8062C)			= 0
sysi86(SI86FPSTART, 0xFEF67EEC, 0x0000133F, 0x00001F80) = 0x00000001
time()						= 1451652080
open("/var/run/tzsync", O_RDONLY)		= 3
mmap(0x00000000, 4, PROT_READ, MAP_SHARED, 3, 0) = 0xFEDE0000
close(3)					= 0
open("/etc/default/init", O_RDONLY)		= 3
llseek(3, 0, SEEK_CUR)				= 0
llseek(3, 0, SEEK_SET)				= 0
fstat64(3, 0x080479B0)				= 0
brk(0x08063B10)					= 0
brk(0x08065B10)					= 0
fstat64(3, 0x080478B0)				= 0
ioctl(3, TCGETA, 0x0804796E)			Err#25 ENOTTY
read(3, " #\n #   C o p y r i g h".., 1536)	= 1466
llseek(3, 0xFFFFFFFFFFFFFFEF, SEEK_CUR)		= 1449
close(3)					= 0
brk(0x08065B10)					= 0
brk(0x08067B10)					= 0
open("/usr/share/lib/zoneinfo/UTC", O_RDONLY)	= 3
fstat64(3, 0x08047AB0)				= 0
read(3, " T Z i f\0\0\0\0\0\0\0\0".., 56)	= 56
close(3)					= 0
schedctl()					= 0xFEDDC000
sigaction(SIGHUP, 0x08047B00, 0x08047B70)	= 0
sigaction(SIGQUIT, 0x08047B00, 0x08047B70)	= 0
sigaction(SIGINT, 0x08047B00, 0x08047B70)	= 0
mount("/dev/lofi/2", "/root/sdc/master", MS_OPTIONSTR, "pcfs", 0x00000000, 0, 0x080632C0, 1024) Err#1 EPERM
write(2, " m o u n t", 5)			= 5
write(2, " :  ", 2)				= 2
write(2, " N o t   o w n e r", 9)		= 9
write(2, "\n", 1)				= 1
_exit(32)
